Build started 4/21/2015 10:32:26 AM.
     1>Project "C:\Users\chen\Desktop\csi24006\code\code.vcxproj" on node 2 (Rebuild target(s)).
     1>ClCompile:
         C:\Program Files (x86)\Microsoft Visual Studio 12.0\VC\bin\CL.exe /c /ZI /nologo /W3 /WX- /sdl /Od /Oy- /D _MBCS /Gm /EHsc /RTC1 /MDd /GS /fp:precise /Zc:wchar_t /Zc:forScope /Fo"Debug\\" /Fd"Debug\vc120.pdb" /Gd /TP /analyze- /errorReport:prompt commoncpp.cpp Employee.cpp final.cpp functions.cpp host.cpp Kitchen.cpp LinkedList.cpp manager.cpp Table.cpp
         Table.cpp
         manager.cpp
     1>c:\users\chen\desktop\csi24006\code\manager.cpp(164): error C2065: 'employees' : undeclared identifier
     1>c:\users\chen\desktop\csi24006\code\manager.cpp(167): error C2065: 'employees' : undeclared identifier
     1>c:\users\chen\desktop\csi24006\code\manager.cpp(170): error C2065: 'employees' : undeclared identifier
         LinkedList.cpp
         Kitchen.cpp
         host.cpp
         functions.cpp
     1>c:\users\chen\desktop\csi24006\code\functions.cpp(131): error C2228: left of '.menu' must have class/struct/union
                 type is 'Host []'
                 did you intend to use '->' instead?
     1>c:\users\chen\desktop\csi24006\code\functions.cpp(137): error C2228: left of '.createMenu' must have class/struct/union
                 type is 'Kitchen []'
                 did you intend to use '->' instead?
         final.cpp
         Employee.cpp
         commoncpp.cpp
         Generating Code...
     1>Done Building Project "C:\Users\chen\Desktop\csi24006\code\code.vcxproj" (Rebuild target(s)) -- FAILED.

Build FAILED.

Time Elapsed 00:00:03.93
